Build started 07.12.2015 13:07:45.
     1>Project "E:\Университет\TEMP_LESSON\EX_++\EX_++\EX_++.vcxproj" on node 2 (build target(s)).
     1>InitializeBuildStatus:
         Creating "Release\EX_++.unsuccessfulbuild" because "AlwaysCreate" was specified.
       ClCompile:
         C:\Program Files (x86)\Microsoft Visual Studio 10.0\VC\bin\CL.exe /c /Zi /nologo /W3 /WX- /O2 /Oi /Oy- /GL /D WIN32 /D NDEBUG /D _CONSOLE /D _UNICODE /D UNICODE /Gm- /EHsc /MD /GS /Gy /fp:precise /Zc:wchar_t /Zc:forScope /Fo"Release\\" /Fd"Release\vc100.pdb" /Gd /TP /analyze- /errorReport:prompt main.cpp
         main.cpp
     1>main.cpp(743): warning C4244: '=' : conversion from 'unsigned long' to 'unsigned char', possible loss of data
     1>main.cpp(744): warning C4244: '=' : conversion from 'unsigned long' to 'unsigned char', possible loss of data
     1>main.cpp(745): warning C4244: '=' : conversion from 'unsigned long' to 'unsigned char', possible loss of data
     1>main.cpp(752): warning C4244: '=' : conversion from 'unsigned long' to 'unsigned char', possible loss of data
     1>main.cpp(753): warning C4244: '=' : conversion from 'unsigned long' to 'unsigned char', possible loss of data
     1>main.cpp(754): warning C4244: '=' : conversion from 'unsigned long' to 'unsigned char', possible loss of data
     1>main.cpp(761): warning C4244: '=' : conversion from 'unsigned long' to 'unsigned char', possible loss of data
     1>main.cpp(762): warning C4244: '=' : conversion from 'unsigned long' to 'unsigned char', possible loss of data
     1>main.cpp(763): warning C4244: '=' : conversion from 'unsigned long' to 'unsigned char', possible loss of data
     1>main.cpp(770): warning C4244: '=' : conversion from 'unsigned long' to 'unsigned char', possible loss of data
     1>main.cpp(771): warning C4244: '=' : conversion from 'unsigned long' to 'unsigned char', possible loss of data
     1>main.cpp(772): warning C4244: '=' : conversion from 'unsigned long' to 'unsigned char', possible loss of data
     1>main.cpp(978): warning C4101: 'idx' : unreferenced local variable
     1>main.cpp(979): warning C4101: 't' : unreferenced local variable
     1>main.cpp(1292): warning C4067: unexpected tokens following preprocessor directive - expected a newline
       Link:
         C:\Program Files (x86)\Microsoft Visual Studio 10.0\VC\bin\link.exe /ERRORREPORT:PROMPT /OUT:"E:\Университет\TEMP_LESSON\EX_++\Release\EX_++.exe" /INCREMENTAL:NO /NOLOGO kernel32.lib user32.lib gdi32.lib winspool.lib comdlg32.lib advapi32.lib shell32.lib ole32.lib oleaut32.lib uuid.lib odbc32.lib odbccp32.lib /MANIFEST /ManifestFile:"Release\EX_++.exe.intermediate.manifest" /MANIFESTUAC:"level='asInvoker' uiAccess='false'" /DEBUG /PDB:"E:\Университет\TEMP_LESSON\EX_++\Release\EX_++.pdb" /SUBSYSTEM:CONSOLE /OPT:REF /OPT:ICF /LTCG /TLBID:1 /DYNAMICBASE /NXCOMPAT /IMPLIB:"E:\Университет\TEMP_LESSON\EX_++\Release\EX_++.lib" /MACHINE:X86 Release\main.obj
         Generating code
         Finished generating code
         EX_++.vcxproj -> E:\Университет\TEMP_LESSON\EX_++\Release\EX_++.exe
       Manifest:
         C:\Program Files (x86)\Microsoft SDKs\Windows\v7.0A\bin\mt.exe /nologo /verbose /outputresource:"E:\Университет\TEMP_LESSON\EX_++\Release\EX_++.exe;#1" /manifest Release\EX_++.exe.intermediate.manifest
       FinalizeBuildStatus:
         Deleting file "Release\EX_++.unsuccessfulbuild".
         Touching "Release\EX_++.lastbuildstate".
     1>Done Building Project "E:\Университет\TEMP_LESSON\EX_++\EX_++\EX_++.vcxproj" (build target(s)).

Build succeeded.

Time Elapsed 00:00:00.78
