Build started 19.12.2016 4:14:20.
     1>Project "E:\Университет\TEMP_LESSON\TestProjectsOnAllLanguages\CPP_EX_++\EX_++\EX_++.vcxproj" on node 2 (build target(s)).
     1>InitializeBuildStatus:
         Touching "Debug\EX_++.unsuccessfulbuild".
       ClCompile:
         C:\Program Files (x86)\Microsoft Visual Studio 10.0\VC\bin\CL.exe /c /ZI /nologo /W3 /WX- /Od /Oy- /D WIN32 /D _DEBUG /D _CONSOLE /D _UNICODE /D UNICODE /Gm /EHsc /RTC1 /MDd /GS /fp:precise /Zc:wchar_t /Zc:forScope /Fo"Debug\\" /Fd"Debug\vc100.pdb" /Gd /TP /analyze- /errorReport:prompt main.cpp
         main.cpp
       ManifestResourceCompile:
         All outputs are up-to-date.
       Link:
         C:\Program Files (x86)\Microsoft Visual Studio 10.0\VC\bin\link.exe /ERRORREPORT:PROMPT /OUT:"E:\Университет\TEMP_LESSON\TestProjectsOnAllLanguages\CPP_EX_++\Debug\EX_++.exe" /INCREMENTAL /NOLOGO kernel32.lib user32.lib gdi32.lib winspool.lib comdlg32.lib advapi32.lib shell32.lib ole32.lib oleaut32.lib uuid.lib odbc32.lib odbccp32.lib /MANIFEST /ManifestFile:"Debug\EX_++.exe.intermediate.manifest" /MANIFESTUAC:"level='asInvoker' uiAccess='false'" /DEBUG /PDB:"E:\Университет\TEMP_LESSON\TestProjectsOnAllLanguages\CPP_EX_++\Debug\EX_++.pdb" /SUBSYSTEM:CONSOLE /TLBID:1 /DYNAMICBASE /NXCOMPAT /IMPLIB:"E:\Университет\TEMP_LESSON\TestProjectsOnAllLanguages\CPP_EX_++\Debug\EX_++.lib" /MACHINE:X86 Debug\EX_++.exe.embed.manifest.res
         Debug\main.obj
       Manifest:
         c:\Program Files (x86)\Microsoft SDKs\Windows\v7.0A\bin\mt.exe /nologo /verbose /out:"Debug\EX_++.exe.embed.manifest" /manifest Debug\EX_++.exe.intermediate.manifest
         All outputs are up-to-date.
       LinkEmbedManifest:
         All outputs are up-to-date.
         EX_++.vcxproj -> E:\Университет\TEMP_LESSON\TestProjectsOnAllLanguages\CPP_EX_++\Debug\EX_++.exe
       FinalizeBuildStatus:
         Deleting file "Debug\EX_++.unsuccessfulbuild".
         Touching "Debug\EX_++.lastbuildstate".
     1>Done Building Project "E:\Университет\TEMP_LESSON\TestProjectsOnAllLanguages\CPP_EX_++\EX_++\EX_++.vcxproj" (build target(s)).

Build succeeded.

Time Elapsed 00:00:02.58
