E:\Университет\TEMP_LESSON\EX\Debug\EX.pdb
E:\Университет\TEMP_LESSON\EX\EX\Debug\cl.command.1.tlog
E:\Университет\TEMP_LESSON\EX\EX\Debug\CL.read.1.tlog
E:\Университет\TEMP_LESSON\EX\EX\Debug\CL.write.1.tlog
E:\Университет\TEMP_LESSON\EX\EX\Debug\EX.exe.embed.manifest
E:\Университет\TEMP_LESSON\EX\EX\DEBUG\EX.EXE.EMBED.MANIFEST.RES
E:\Университет\TEMP_LESSON\EX\EX\Debug\EX.exe.intermediate.manifest
E:\Университет\TEMP_LESSON\EX\EX\Debug\EX.vcxprojResolveAssemblyReference.cache
E:\Университет\TEMP_LESSON\EX\EX\Debug\EX.write.1.tlog
E:\Университет\TEMP_LESSON\EX\EX\Debug\EX_manifest.rc
E:\Университет\TEMP_LESSON\EX\EX\Debug\link.10044.read.1.tlog
E:\Университет\TEMP_LESSON\EX\EX\Debug\link.10044.write.1.tlog
E:\Университет\TEMP_LESSON\EX\EX\Debug\link.10044-cvtres.read.1.tlog
E:\Университет\TEMP_LESSON\EX\EX\Debug\link.10044-cvtres.write.1.tlog
E:\Университет\TEMP_LESSON\EX\EX\Debug\link.2664.read.1.tlog
E:\Университет\TEMP_LESSON\EX\EX\Debug\link.2664.write.1.tlog
E:\Университет\TEMP_LESSON\EX\EX\Debug\link.2664-cvtres.read.1.tlog
E:\Университет\TEMP_LESSON\EX\EX\Debug\link.2664-cvtres.write.1.tlog
E:\Университет\TEMP_LESSON\EX\EX\Debug\link.5136.read.1.tlog
E:\Университет\TEMP_LESSON\EX\EX\Debug\link.5136.write.1.tlog
E:\Университет\TEMP_LESSON\EX\EX\Debug\link.5136-cvtres.read.1.tlog
E:\Университет\TEMP_LESSON\EX\EX\Debug\link.5136-cvtres.write.1.tlog
E:\Университет\TEMP_LESSON\EX\EX\Debug\link.7344.read.1.tlog
E:\Университет\TEMP_LESSON\EX\EX\Debug\link.7344.write.1.tlog
E:\Университет\TEMP_LESSON\EX\EX\Debug\link.7344-cvtres.read.1.tlog
E:\Университет\TEMP_LESSON\EX\EX\Debug\link.7344-cvtres.write.1.tlog
E:\Университет\TEMP_LESSON\EX\EX\Debug\link.7604.read.1.tlog
E:\Университет\TEMP_LESSON\EX\EX\Debug\link.7604.write.1.tlog
E:\Университет\TEMP_LESSON\EX\EX\Debug\link.7604-cvtres.read.1.tlog
E:\Университет\TEMP_LESSON\EX\EX\Debug\link.7604-cvtres.write.1.tlog
E:\Университет\TEMP_LESSON\EX\EX\Debug\link.7924.read.1.tlog
E:\Университет\TEMP_LESSON\EX\EX\Debug\link.7924.write.1.tlog
E:\Университет\TEMP_LESSON\EX\EX\Debug\link.7924-cvtres.read.1.tlog
E:\Университет\TEMP_LESSON\EX\EX\Debug\link.7924-cvtres.write.1.tlog
E:\Университет\TEMP_LESSON\EX\EX\Debug\link.8096.read.1.tlog
E:\Университет\TEMP_LESSON\EX\EX\Debug\link.8096.write.1.tlog
E:\Университет\TEMP_LESSON\EX\EX\Debug\link.8096-cvtres.read.1.tlog
E:\Университет\TEMP_LESSON\EX\EX\Debug\link.8096-cvtres.write.1.tlog
E:\Университет\TEMP_LESSON\EX\EX\Debug\link.8392.read.1.tlog
E:\Университет\TEMP_LESSON\EX\EX\Debug\link.8392.write.1.tlog
E:\Университет\TEMP_LESSON\EX\EX\Debug\link.8392-cvtres.read.1.tlog
E:\Университет\TEMP_LESSON\EX\EX\Debug\link.8392-cvtres.write.1.tlog
E:\Университет\TEMP_LESSON\EX\EX\Debug\link.8432.read.1.tlog
E:\Университет\TEMP_LESSON\EX\EX\Debug\link.8432.write.1.tlog
E:\Университет\TEMP_LESSON\EX\EX\Debug\link.8432-cvtres.read.1.tlog
E:\Университет\TEMP_LESSON\EX\EX\Debug\link.8432-cvtres.write.1.tlog
E:\Университет\TEMP_LESSON\EX\EX\Debug\link.command.1.tlog
E:\Университет\TEMP_LESSON\EX\EX\Debug\link.read.1.tlog
E:\Университет\TEMP_LESSON\EX\EX\Debug\link.write.1.tlog
E:\Университет\TEMP_LESSON\EX\EX\Debug\link-cvtres.read.1.tlog
E:\Университет\TEMP_LESSON\EX\EX\Debug\link-cvtres.write.1.tlog
E:\Университет\TEMP_LESSON\EX\EX\DEBUG\MAIN.OBJ
E:\Университет\TEMP_LESSON\EX\EX\Debug\mt.command.1.tlog
E:\Университет\TEMP_LESSON\EX\EX\Debug\mt.read.1.tlog
E:\Университет\TEMP_LESSON\EX\EX\Debug\mt.write.1.tlog
E:\Университет\TEMP_LESSON\EX\EX\Debug\rc.command.1.tlog
E:\Университет\TEMP_LESSON\EX\EX\Debug\rc.read.1.tlog
E:\Университет\TEMP_LESSON\EX\EX\Debug\rc.write.1.tlog
E:\Университет\TEMP_LESSON\EX\EX\Debug\vc100.idb
E:\УНИВЕРСИТЕТ\TEMP_LESSON\EX\EX\DEBUG\VC100.PDB
F:\Университет\TEMP_LESSON\EX\DEBUG\EX.EXE
F:\Университет\TEMP_LESSON\EX\DEBUG\EX.ILK
F:\УНИВЕРСИТЕТ\TEMP_LESSON\EX\DEBUG\EX.PDB
F:\Университет\TEMP_LESSON\EX\EX\DEBUG\EX.EXE.EMBED.MANIFEST
F:\Университет\TEMP_LESSON\EX\EX\DEBUG\EX.EXE.EMBED.MANIFEST.RES
F:\Университет\TEMP_LESSON\EX\EX\DEBUG\EX.EXE.INTERMEDIATE.MANIFEST
F:\Университет\TEMP_LESSON\EX\EX\DEBUG\MAIN.OBJ
F:\УНИВЕРСИТЕТ\TEMP_LESSON\EX\EX\DEBUG\VC100.PDB
