Build started 13.05.2016 1:08:50.
     1>Project "E:\Университет\TEMP_LESSON\EX\EX\EX.vcxproj" on node 2 (rebuild target(s)).
     1>_PrepareForClean:
         Deleting file "Debug\EX.lastbuildstate".
       InitializeBuildStatus:
         Touching "Debug\EX.unsuccessfulbuild".
       ClCompile:
         C:\Program Files (x86)\Microsoft Visual Studio 10.0\VC\bin\CL.exe /c /ZI /nologo /W3 /WX- /Od /Oy- /D WIN32 /D _DEBUG /D _CONSOLE /D _UNICODE /D UNICODE /Gm /EHsc /RTC1 /MDd /GS /fp:precise /Zc:wchar_t /Zc:forScope /Fo"Debug\\" /Fd"Debug\vc100.pdb" /Gd /TP /analyze- /errorReport:prompt Main.cpp
         Main.cpp
       ManifestResourceCompile:
         c:\Program Files (x86)\Microsoft SDKs\Windows\v7.0A\bin\rc.exe /nologo /fo"Debug\EX.exe.embed.manifest.res" Debug\EX_manifest.rc 
       Link:
         C:\Program Files (x86)\Microsoft Visual Studio 10.0\VC\bin\link.exe /ERRORREPORT:PROMPT /OUT:"E:\Университет\TEMP_LESSON\EX\Debug\EX.exe" /INCREMENTAL /NOLOGO kernel32.lib user32.lib gdi32.lib winspool.lib comdlg32.lib advapi32.lib shell32.lib ole32.lib oleaut32.lib uuid.lib odbc32.lib odbccp32.lib /MANIFEST /ManifestFile:"Debug\EX.exe.intermediate.manifest" /MANIFESTUAC:"level='asInvoker' uiAccess='false'" /DEBUG /PDB:"E:\Университет\TEMP_LESSON\EX\Debug\EX.pdb" /SUBSYSTEM:CONSOLE /TLBID:1 /DYNAMICBASE /NXCOMPAT /IMPLIB:"E:\Университет\TEMP_LESSON\EX\Debug\EX.lib" /MACHINE:X86 Debug\EX.exe.embed.manifest.res
         Debug\Main.obj
       Manifest:
         Deleting file "Debug\EX.exe.embed.manifest".
         c:\Program Files (x86)\Microsoft SDKs\Windows\v7.0A\bin\mt.exe /nologo /verbose /out:"Debug\EX.exe.embed.manifest" /manifest Debug\EX.exe.intermediate.manifest
         c:\Program Files (x86)\Microsoft SDKs\Windows\v7.0A\bin\rc.exe /nologo /fo"Debug\EX.exe.embed.manifest.res" Debug\EX_manifest.rc 
       LinkEmbedManifest:
         C:\Program Files (x86)\Microsoft Visual Studio 10.0\VC\bin\link.exe /ERRORREPORT:PROMPT /OUT:"E:\Университет\TEMP_LESSON\EX\Debug\EX.exe" /INCREMENTAL /NOLOGO kernel32.lib user32.lib gdi32.lib winspool.lib comdlg32.lib advapi32.lib shell32.lib ole32.lib oleaut32.lib uuid.lib odbc32.lib odbccp32.lib /MANIFEST /ManifestFile:"Debug\EX.exe.intermediate.manifest" /MANIFESTUAC:"level='asInvoker' uiAccess='false'" /DEBUG /PDB:"E:\Университет\TEMP_LESSON\EX\Debug\EX.pdb" /SUBSYSTEM:CONSOLE /TLBID:1 /DYNAMICBASE /NXCOMPAT /IMPLIB:"E:\Университет\TEMP_LESSON\EX\Debug\EX.lib" /MACHINE:X86 Debug\EX.exe.embed.manifest.res
         Debug\Main.obj
         EX.vcxproj -> E:\Университет\TEMP_LESSON\EX\Debug\EX.exe
       FinalizeBuildStatus:
         Deleting file "Debug\EX.unsuccessfulbuild".
         Touching "Debug\EX.lastbuildstate".
     1>Done Building Project "E:\Университет\TEMP_LESSON\EX\EX\EX.vcxproj" (rebuild target(s)).

Build succeeded.

Time Elapsed 00:00:01.77
