Build started 11.07.2016 18:37:13.
     1>Project "E:\Университет\TEMP_LESSON\TestProjectsOnAllLanguages\CPP_Exam\CPP_Exam\CPP_Exam.vcxproj" on node 2 (build target(s)).
     1>InitializeBuildStatus:
         Creating "Debug\CPP_Exam.unsuccessfulbuild" because "AlwaysCreate" was specified.
       ClCompile:
         C:\Program Files (x86)\Microsoft Visual Studio 10.0\VC\bin\CL.exe /c /ZI /nologo /W3 /WX- /Od /Oy- /D WIN32 /D _DEBUG /D _CONSOLE /D _UNICODE /D UNICODE /Gm /EHsc /RTC1 /MDd /GS /fp:precise /Zc:wchar_t /Zc:forScope /Fo"Debug\\" /Fd"Debug\vc100.pdb" /Gd /TP /analyze- /errorReport:prompt main.cpp
         main.cpp
     1>e:\университет\temp_lesson\testprojectsonalllanguages\cpp_exam\cpp_exam\main.cpp(10): warning C4554: '<<' : check operator precedence for possible error; use parentheses to clarify precedence
     1>e:\университет\temp_lesson\testprojectsonalllanguages\cpp_exam\cpp_exam\main.cpp(58): warning C4101: 'X' : unreferenced local variable
     1>e:\университет\temp_lesson\testprojectsonalllanguages\cpp_exam\cpp_exam\main.cpp(99): warning C4172: returning address of local variable or temporary
       ManifestResourceCompile:
         All outputs are up-to-date.
       Link:
         C:\Program Files (x86)\Microsoft Visual Studio 10.0\VC\bin\link.exe /ERRORREPORT:PROMPT /OUT:"E:\Университет\TEMP_LESSON\TestProjectsOnAllLanguages\CPP_Exam\Debug\CPP_Exam.exe" /INCREMENTAL /NOLOGO kernel32.lib user32.lib gdi32.lib winspool.lib comdlg32.lib advapi32.lib shell32.lib ole32.lib oleaut32.lib uuid.lib odbc32.lib odbccp32.lib /MANIFEST /ManifestFile:"Debug\CPP_Exam.exe.intermediate.manifest" /MANIFESTUAC:"level='asInvoker' uiAccess='false'" /DEBUG /PDB:"E:\Университет\TEMP_LESSON\TestProjectsOnAllLanguages\CPP_Exam\Debug\CPP_Exam.pdb" /SUBSYSTEM:CONSOLE /TLBID:1 /DYNAMICBASE /NXCOMPAT /IMPLIB:"E:\Университет\TEMP_LESSON\TestProjectsOnAllLanguages\CPP_Exam\Debug\CPP_Exam.lib" /MACHINE:X86 Debug\CPP_Exam.exe.embed.manifest.res
         Debug\main.obj
       Manifest:
         c:\Program Files (x86)\Microsoft SDKs\Windows\v7.0A\bin\mt.exe /nologo /verbose /out:"Debug\CPP_Exam.exe.embed.manifest" /manifest Debug\CPP_Exam.exe.intermediate.manifest
         All outputs are up-to-date.
       LinkEmbedManifest:
         All outputs are up-to-date.
         CPP_Exam.vcxproj -> E:\Университет\TEMP_LESSON\TestProjectsOnAllLanguages\CPP_Exam\Debug\CPP_Exam.exe
       FinalizeBuildStatus:
         Deleting file "Debug\CPP_Exam.unsuccessfulbuild".
         Touching "Debug\CPP_Exam.lastbuildstate".
     1>Done Building Project "E:\Университет\TEMP_LESSON\TestProjectsOnAllLanguages\CPP_Exam\CPP_Exam\CPP_Exam.vcxproj" (build target(s)).

Build succeeded.

Time Elapsed 00:00:00.78
